2022-05-05 22:48:18 [scrapy.utils.log] DEBUG: Using reactor: twisted.internet.selectreactor.SelectReactor
2022-05-05 22:48:18 [scrapy.extensions.telnet] INFO: Telnet Password: 2f37df6350821aa9
2022-05-05 22:48:18 [py.warnings] WARNING: /opt/anaconda3/lib/python3.9/site-packages/scrapy/extensions/feedexport.py:289: ScrapyDeprecationWarning: The `FEED_URI` and `FEED_FORMAT` settings have been deprecated in favor of the `FEEDS` setting. Please see the `FEEDS` setting docs for more details
  exporter = cls(crawler)

2022-05-05 22:48:18 [scrapy.middleware] INFO: Enabled extensions:
['scrapy.extensions.corestats.CoreStats',
 'scrapy.extensions.telnet.TelnetConsole',
 'scrapy.extensions.memusage.MemoryUsage',
 'scrapy.extensions.feedexport.FeedExporter',
 'scrapy.extensions.logstats.LogStats']
2022-05-05 22:48:18 [scrapy.middleware] INFO: Enabled downloader middlewares:
['scrapy.downloadermiddlewares.httpauth.HttpAuthMiddleware',
 'scrapy.downloadermiddlewares.downloadtimeout.DownloadTimeoutMiddleware',
 'scrapy.downloadermiddlewares.defaultheaders.DefaultHeadersMiddleware',
 'scrapy.downloadermiddlewares.useragent.UserAgentMiddleware',
 'scrapy.downloadermiddlewares.retry.RetryMiddleware',
 'scrapy.downloadermiddlewares.redirect.MetaRefreshMiddleware',
 'scrapy.downloadermiddlewares.httpcompression.HttpCompressionMiddleware',
 'scrapy.downloadermiddlewares.redirect.RedirectMiddleware',
 'scrapy.downloadermiddlewares.cookies.CookiesMiddleware',
 'scrapy.downloadermiddlewares.httpproxy.HttpProxyMiddleware',
 'scrapy.downloadermiddlewares.stats.DownloaderStats']
2022-05-05 22:48:18 [scrapy.middleware] INFO: Enabled spider middlewares:
['scrapy.spidermiddlewares.httperror.HttpErrorMiddleware',
 'scrapy.spidermiddlewares.offsite.OffsiteMiddleware',
 'scrapy.spidermiddlewares.referer.RefererMiddleware',
 'scrapy.spidermiddlewares.urllength.UrlLengthMiddleware',
 'scrapy.spidermiddlewares.depth.DepthMiddleware']
2022-05-05 22:48:18 [scrapy.middleware] INFO: Enabled item pipelines:
[]
2022-05-05 22:48:18 [scrapy.core.engine] INFO: Spider opened
2022-05-05 22:48:18 [scrapy.extensions.logstats] INFO: Crawled 0 pages (at 0 pages/min), scraped 0 items (at 0 items/min)
2022-05-05 22:48:18 [scrapy.extensions.telnet] INFO: Telnet console listening on 127.0.0.1:6027
2022-05-05 22:48:19 [scrapy.core.engine] DEBUG: Crawled (200) <GET https://www.onthemarket.com/for-sale/property/london/?page=3> (referer: None)
2022-05-05 22:48:19 [scrapy.core.engine] DEBUG: Crawled (200) <GET https://www.onthemarket.com/for-sale/property/london/?page=1> (referer: None)
2022-05-05 22:48:20 [scrapy.core.engine] DEBUG: Crawled (200) <GET https://www.onthemarket.com/for-sale/property/london/?page=0> (referer: None)
2022-05-05 22:48:20 [scrapy.core.engine] DEBUG: Crawled (200) <GET https://www.onthemarket.com/for-sale/property/london/?page=2> (referer: None)
2022-05-05 22:48:20 [scrapy.core.engine] INFO: Closing spider (finished)
2022-05-05 22:48:20 [scrapy.statscollectors] INFO: Dumping Scrapy stats:
{'downloader/request_bytes': 1304,
 'downloader/request_count': 4,
 'downloader/request_method_count/GET': 4,
 'downloader/response_bytes': 405467,
 'downloader/response_count': 4,
 'downloader/response_status_count/200': 4,
 'elapsed_time_seconds': 1.36602,
 'finish_reason': 'finished',
 'finish_time': datetime.datetime(2022, 5, 5, 22, 48, 20, 335326),
 'httpcompression/response_bytes': 2442053,
 'httpcompression/response_count': 4,
 'log_count/DEBUG': 5,
 'log_count/INFO': 10,
 'log_count/WARNING': 1,
 'memusage/max': 82894848,
 'memusage/startup': 82894848,
 'response_received_count': 4,
 'scheduler/dequeued': 4,
 'scheduler/dequeued/memory': 4,
 'scheduler/enqueued': 4,
 'scheduler/enqueued/memory': 4,
 'start_time': datetime.datetime(2022, 5, 5, 22, 48, 18, 969306)}
2022-05-05 22:48:20 [scrapy.core.engine] INFO: Spider closed (finished)
2022-05-05 22:57:27 [numexpr.utils] INFO: NumExpr defaulting to 4 threads.
